<?xml version="1.0" encoding="UTF-8"?>
<testsuite xmlns:xsi="http://www.w3.org/2001/XMLSchema-instance" xsi:noNamespaceSchemaLocation="https://maven.apache.org/surefire/maven-surefire-plugin/xsd/surefire-test-report.xsd" version="3.0.2" name="com.smr.BootRestAppApplicationTests" time="6.387" tests="1" errors="0" skipped="0" failures="0">
  <properties>
[...]
</properties>
  <testcase name="contextLoads" classname="com.smr.BootRestAppApplicationTests" time="2.148">
    <system-out><![CDATA[08:04:55.650 [main] INFO org.springframework.test.context.support.AnnotationConfigContextLoaderUtils -- Could not detect default configuration classes for test class [com.smr.BootRestAppApplicationTests]: BootRestAppApplicationTests does not declare any static, non-private, non-final, nested classes annotated with @Configuration.
08:04:55.880 [main] INFO org.springframework.boot.test.context.SpringBootTestContextBootstrapper -- Found @SpringBootConfiguration com.smr.BootRestAppApplication for test class com.smr.BootRestAppApplicationTests

  .   ____          _            __ _ _
 /\\ / ___'_ __ _ _(_)_ __  __ _ \ \ \ \
( ( )\___ | '_ | '_| | '_ \/ _` | \ \ \ \
 \\/  ___)| |_)| | | | | || (_| |  ) ) ) )
  '  |____| .__|_| |_|_| |_\__, | / / / /
 =========|_|==============|___/=/_/_/_/

 :: Spring Boot ::                (v3.5.6)

2025-09-29T08:04:56.946+05:30  INFO 21104 --- [BootRestApp] [           main] com.smr.BootRestAppApplicationTests      : Starting BootRestAppApplicationTests using Java 21.0.5 with PID 21104 (started by HP in C:\Users\HP\git\JRTP-Repo-Eclipse-DockerApps-Local\BootRestApp)
2025-09-29T08:04:56.948+05:30  INFO 21104 --- [BootRestApp] [           main] com.smr.BootRestAppApplicationTests      : No active profile set, falling back to 1 default profile: "default"
2025-09-29T08:04:59.552+05:30  INFO 21104 --- [BootRestApp] [           main] com.smr.BootRestAppApplicationTests      : Started BootRestAppApplicationTests in 3.29 seconds (process running for 5.914)
]]></system-out>
    <system-err><![CDATA[Mockito is currently self-attaching to enable the inline-mock-maker. This will no longer work in future releases of the JDK. Please add Mockito as an agent to your build as described in Mockito's documentation: https://javadoc.io/doc/org.mockito/mockito-core/latest/org.mockito/org/mockito/Mockito.html#0.3
WARNING: A Java agent has been loaded dynamically (C:\Users\HP\.m2\repository\net\bytebuddy\byte-buddy-agent\1.17.7\byte-buddy-agent-1.17.7.jar)
WARNING: If a serviceability tool is in use, please run with -XX:+EnableDynamicAgentLoading to hide this warning
WARNING: If a serviceability tool is not in use, please run with -Djdk.instrument.traceUsage for more information
WARNING: Dynamic loading of agents will be disallowed by default in a future release
]]></system-err>
  </testcase>
</testsuite>